* using log directory 'C:/Users/u1477302/OneDrive - University of Utah/Classes/Adv_R_F24/egpkg_F24/egpkg.Rcheck'
* using R version 4.3.0 (2023-04-21 ucrt)
* using platform: x86_64-w64-mingw32 (64-bit)
* R was compiled by
    gcc.exe (GCC) 12.2.0
    GNU Fortran (GCC) 12.2.0
* running under: Windows 11 x64 (build 22631)
* using session charset: UTF-8
* checking for file 'egpkg/DESCRIPTION' ... OK
* checking extension type ... Package
* this is package 'egpkg' version '1.0'
* package encoding: UTF-8
* checking package namespace information ... OK
* checking package dependencies ... OK
* checking if this is a source package ... OK
* checking if there is a namespace ... OK
* checking for executable files ... OK
* checking for hidden files and directories ... OK
* checking for portable file names ... OK
* checking whether package 'egpkg' can be installed ... OK
* used C++ compiler: 'G__~1.EXE (GCC) 12.3.0'
* checking installed package size ... OK
* checking package directory ... OK
* checking DESCRIPTION meta-information ... OK
* checking top-level files ... OK
* checking for left-over files ... OK
* checking index information ... OK
* checking package subdirectories ... OK
* checking R files for non-ASCII characters ... OK
* checking R files for syntax errors ... OK
* checking whether the package can be loaded ... OK
* checking whether the package can be loaded with stated dependencies ... OK
* checking whether the package can be unloaded cleanly ... OK
* checking whether the namespace can be loaded with stated dependencies ... OK
* checking whether the namespace can be unloaded cleanly ... OK
* checking loading without being on the library search path ... OK
* checking dependencies in R code ... OK
* checking S3 generic/method consistency ... OK
* checking replacement functions ... OK
* checking foreign function calls ... OK
* checking R code for possible problems ... OK
* checking Rd files ... OK
* checking Rd metadata ... OK
* checking Rd cross-references ... OK
* checking for missing documentation entries ... OK
* checking for code/documentation mismatches ... OK
* checking Rd \usage sections ... OK
* checking Rd contents ... OK
* checking for unstated dependencies in examples ... OK
* checking line endings in C/C++/Fortran sources/headers ... OK
* checking compiled code ... OK
* checking examples ... OK
* checking for unstated dependencies in 'tests' ... OK
* checking tests ... ERROR
  Running 'testthat.R'
Running the tests in 'tests/testthat.R' failed.
Last 13 lines of output:
   [5] 0.02           | 0.02             [5]           
   [6] 0.33           | 0.33             [6]           
   [7] 0.67           | 0.67             [7]           
   [8] 0.64           - 0.72             [8]           
   [9] 0.91           | 0.91             [9]           
  [10] 0.04           - 0.02             [10]          
  [11] 0.33           | 0.33             [11]          
  [12] 0.02           | 0.02             [12]          
  [13] 0.31           - 0.27             [13]          
  [14] 0.73           | 0.73             [14]          
   ... ...              ...              and 6 more ...
  
  [ FAIL 1 | WARN 0 | SKIP 0 | PASS 1 ]
  Error: Test failures
  Execution halted
* checking PDF version of manual ... WARNING
LaTeX errors when creating PDF version.
This typically indicates Rd problems.
LaTeX errors found:
* checking PDF version of manual without index ... ERROR
* DONE
Status: 2 ERRORs, 1 WARNING
